<?xml version="1.0" encoding="UTF-8"?>
<!-- Generated by org.testng.reporters.JUnitReportReporter -->
<testsuite hostname="DESKTOP-78G3IVU" failures="0" tests="3" name="com.resolver.qa.testcases.Number3Test" time="0.154" errors="0" timestamp="2022-10-14T14:13:34 EDT" skipped="0">
  <testcase classname="com.resolver.qa.testcases.Number3Test" name="scrolltoTest3Test" time="0.024"/>
  <system-out/>
  <testcase classname="com.resolver.qa.testcases.Number3Test" name="verifyDropDownOptionTest" time="0.028"/>
  <system-out/>
  <testcase classname="com.resolver.qa.testcases.Number3Test" name="selectOption3Test" time="0.102"/>
  <system-out/>
</testsuite> <!-- com.resolver.qa.testcases.Number3Test -->
