<?xml version="1.0" encoding="UTF-8"?>
<!-- Generated by org.testng.reporters.JUnitReportReporter -->
<testsuite hostname="DESKTOP-78G3IVU" failures="0" tests="3" name="com.resolver.qa.testcases.Number2Test" time="6.848" errors="0" timestamp="2022-10-14T14:13:34 EDT" skipped="0">
  <testcase classname="com.resolver.qa.testcases.Number2Test" name="verifySecondListBadgeValueTest" time="2.273"/>
  <system-out/>
  <testcase classname="com.resolver.qa.testcases.Number2Test" name="verifySecondListItemValueTest" time="2.356"/>
  <system-out/>
  <testcase classname="com.resolver.qa.testcases.Number2Test" name="verifyNumberOfListItemTest" time="2.219"/>
  <system-out/>
</testsuite> <!-- com.resolver.qa.testcases.Number2Test -->
