<?xml version="1.0" encoding="UTF-8"?>
<!-- Generated by org.testng.reporters.JUnitReportReporter -->
<testsuite hostname="DESKTOP-78G3IVU" failures="0" tests="4" name="com.resolver.qa.testcases.Number1Test" time="12.125" errors="0" timestamp="2022-10-14T14:13:34 EDT" skipped="0">
  <testcase classname="com.resolver.qa.testcases.Number1Test" name="emailFieldTest" time="2.304"/>
  <system-out/>
  <testcase classname="com.resolver.qa.testcases.Number1Test" name="passwordFieldTest" time="4.155"/>
  <system-out/>
  <testcase classname="com.resolver.qa.testcases.Number1Test" name="signInButtonTest" time="2.314"/>
  <system-out/>
  <testcase classname="com.resolver.qa.testcases.Number1Test" name="enterCredentialsTest" time="3.352"/>
  <system-out/>
</testsuite> <!-- com.resolver.qa.testcases.Number1Test -->
