<?xml version="1.0" encoding="UTF-8"?>
<!-- Generated by org.testng.reporters.JUnitReportReporter -->
<testsuite hostname="DESKTOP-78G3IVU" failures="0" tests="1" name="com.resolver.qa.testcases.Number6Test" time="2.408" errors="0" timestamp="2022-10-14T14:13:34 EDT" skipped="0">
  <testcase classname="com.resolver.qa.testcases.Number6Test" name="getCellValueTest" time="2.408"/>
  <system-out/>
</testsuite> <!-- com.resolver.qa.testcases.Number6Test -->
