<?xml version="1.0" encoding="UTF-8"?>
<!-- Generated by org.testng.reporters.JUnitReportReporter -->
<testsuite hostname="DESKTOP-78G3IVU" failures="0" tests="4" name="com.resolver.qa.testcases.Number5Test" time="8.071" errors="0" timestamp="2022-10-14T14:13:34 EDT" skipped="0">
  <testcase classname="com.resolver.qa.testcases.Number5Test" name="scrolltoTest5Test" time="0.023"/>
  <system-out/>
  <testcase classname="com.resolver.qa.testcases.Number5Test" name="verifyButtonPresentTest" time="0.028"/>
  <system-out/>
  <testcase classname="com.resolver.qa.testcases.Number5Test" name="verifySuccessMessageTest" time="8.006"/>
  <system-out/>
  <testcase classname="com.resolver.qa.testcases.Number5Test" name="verifyButtonIsDisabledTest" time="0.014"/>
  <system-out/>
</testsuite> <!-- com.resolver.qa.testcases.Number5Test -->
