<?xml version="1.0" encoding="UTF-8"?>
<!-- Generated by org.testng.reporters.JUnitReportReporter -->
<testsuite hostname="DESKTOP-78G3IVU" failures="0" tests="3" name="com.resolver.qa.testcases.number4Test" time="0.067" errors="0" timestamp="2022-10-14T11:10:15 EDT" skipped="0">
  <testcase classname="com.resolver.qa.testcases.number4Test" name="verifyButton1Test" time="0.024"/>
  <system-out/>
  <testcase classname="com.resolver.qa.testcases.number4Test" name="verifyButton2Test" time="0.024"/>
  <system-out/>
  <testcase classname="com.resolver.qa.testcases.number4Test" name="scrolltoTest4Test" time="0.019"/>
  <system-out/>
</testsuite> <!-- com.resolver.qa.testcases.number4Test -->
