<?xml version="1.0" encoding="UTF-8"?>
<!-- Generated by org.testng.reporters.JUnitReportReporter -->
<testsuite hostname="DESKTOP-78G3IVU" failures="0" tests="4" name="com.resolver.qa.testcases.number1Test" time="10.803" errors="0" timestamp="2022-10-14T11:10:15 EDT" skipped="0">
  <testcase classname="com.resolver.qa.testcases.number1Test" name="emailFieldTest" time="2.336"/>
  <system-out/>
  <testcase classname="com.resolver.qa.testcases.number1Test" name="passwordFieldTest" time="2.306"/>
  <system-out/>
  <testcase classname="com.resolver.qa.testcases.number1Test" name="signInButtonTest" time="2.395"/>
  <system-out/>
  <testcase classname="com.resolver.qa.testcases.number1Test" name="enterCredentialsTest" time="3.766"/>
  <system-out/>
</testsuite> <!-- com.resolver.qa.testcases.number1Test -->
