<?xml version="1.0" encoding="UTF-8"?>
<!-- Generated by org.testng.reporters.JUnitReportReporter -->
<testsuite hostname="DESKTOP-78G3IVU" failures="0" tests="3" name="com.resolver.qa.testcases.number2Test" time="6.892" errors="0" timestamp="2022-10-14T11:10:15 EDT" skipped="0">
  <testcase classname="com.resolver.qa.testcases.number2Test" name="verifyNumberOfListItemTest" time="2.270"/>
  <system-out/>
  <testcase classname="com.resolver.qa.testcases.number2Test" name="verifySecondListBadgeValueTest" time="2.305"/>
  <system-out/>
  <testcase classname="com.resolver.qa.testcases.number2Test" name="verifySecondListItemValueTest" time="2.317"/>
  <system-out/>
</testsuite> <!-- com.resolver.qa.testcases.number2Test -->
