<?xml version="1.0" encoding="UTF-8"?>
<!-- Generated by org.testng.reporters.JUnitReportReporter -->
<testsuite hostname="DESKTOP-78G3IVU" failures="0" tests="3" name="com.resolver.qa.testcases.number3Test" time="0.149" errors="0" timestamp="2022-10-14T11:10:15 EDT" skipped="0">
  <testcase classname="com.resolver.qa.testcases.number3Test" name="scrolltoTest3Test" time="0.021"/>
  <system-out/>
  <testcase classname="com.resolver.qa.testcases.number3Test" name="verifyDropDownOptionTest" time="0.027"/>
  <system-out/>
  <testcase classname="com.resolver.qa.testcases.number3Test" name="selectOption3Test" time="0.101"/>
  <system-out/>
</testsuite> <!-- com.resolver.qa.testcases.number3Test -->
