<?xml version="1.0" encoding="UTF-8"?>
<!-- Generated by org.testng.reporters.JUnitReportReporter -->
<testsuite hostname="DESKTOP-78G3IVU" failures="0" tests="4" name="com.resolver.qa.testcases.number5Test" time="7.067" errors="0" timestamp="2022-10-14T11:10:15 EDT" skipped="0">
  <testcase classname="com.resolver.qa.testcases.number5Test" name="scrolltoTest5Test" time="0.017"/>
  <system-out/>
  <testcase classname="com.resolver.qa.testcases.number5Test" name="verifyButtonPresentTest" time="0.025"/>
  <system-out/>
  <testcase classname="com.resolver.qa.testcases.number5Test" name="verifySuccessMessageTest" time="7.009"/>
  <system-out/>
  <testcase classname="com.resolver.qa.testcases.number5Test" name="verifyButtonIsDisabledTest" time="0.016"/>
  <system-out/>
</testsuite> <!-- com.resolver.qa.testcases.number5Test -->
